{"/home/dougalmeida/react-projects/elo7-landing-page/src/App.tsx": {"path":"/home/dougalmeida/react-projects/elo7-landing-page/src/App.tsx","statementMap":{"0":{"start":{"line":1,"column":12},"end":{"line":3,"column":1}},"1":{"start":{"line":2,"column":2},"end":{"line":2,"column":30}},"2":{"start":{"line":5,"column":0},"end":{"line":5,"column":19}}},"fnMap":{"0":{"name":"(anonymous_0)","decl":{"start":{"line":1,"column":12},"end":{"line":1,"column":15}},"loc":{"start":{"line":1,"column":17},"end":{"line":3,"column":1}}}},"branchMap":{},"s":{"0":1,"1":1,"2":1},"f":{"0":1},"b":{}}
,"/home/dougalmeida/react-projects/elo7-landing-page/src/main.tsx": {"path":"/home/dougalmeida/react-projects/elo7-landing-page/src/main.tsx","statementMap":{"0":{"start":{"line":1,"column":0},"end":{"line":1,"column":26}},"1":{"start":{"line":2,"column":0},"end":{"line":2,"column":40}},"2":{"start":{"line":3,"column":0},"end":{"line":3,"column":24}},"3":{"start":{"line":5,"column":0},"end":{"line":9,"column":2}}},"fnMap":{},"branchMap":{},"s":{"0":0,"1":0,"2":0,"3":0},"f":{},"b":{}}
,"/home/dougalmeida/react-projects/elo7-landing-page/src/vite-env.d.ts": {"path":"/home/dougalmeida/react-projects/elo7-landing-page/src/vite-env.d.ts","statementMap":{},"fnMap":{},"branchMap":{},"s":{},"f":{},"b":{}}
}
